<?xml version="1.0" encoding="UTF-8"?>
<!-- Generated by org.testng.reporters.JUnitReportReporter -->
<testsuite hostname="in04621" failures="0" tests="1" name="com.vishal.tests.HomepageTests" time="4.991" errors="0" timestamp="2022-01-06T22:42:31 IST" skipped="0">
  <testcase classname="com.vishal.tests.HomepageTests" name="test2" time="4.991"/>
  <system-out/>
</testsuite> <!-- com.vishal.tests.HomepageTests -->
