<?xml version="1.0" encoding="UTF-8"?>
<!-- Generated by org.testng.reporters.JUnitReportReporter -->
<testsuite hostname="in04621" failures="0" tests="2" name="com.vishal.tests.OrangeHrmTests" time="92.647" errors="0" timestamp="2022-07-10T16:07:41 IST" skipped="0">
  <testcase classname="com.vishal.tests.OrangeHrmTests" name="loginLogoutTest" time="42.447"/>
  <system-out/>
  <testcase classname="com.vishal.tests.OrangeHrmTests" name="loginLogoutTest" time="50.200"/>
  <system-out/>
</testsuite> <!-- com.vishal.tests.OrangeHrmTests -->
